Model #1
Micro Precision: 0.8220720720720721
Micro Recall: 0.8220720720720721
Micro F1: 0.8220720720720721
Macro Precision: 0.7566489586841849
Macro Recall: 0.8018893387314441
Macro F1: 0.7728788687406978
Accuracy: 0.8220720720720721


Model #2
Micro Precision: 0.8177723177723177
Micro Recall: 0.8177723177723177
Micro F1: 0.8177723177723176
Macro Precision: 0.7506140773923463
Macro Recall: 0.7972491357847051
Macro F1: 0.7669929267432916
Accuracy: 0.8177723177723177


Model #3
Micro Precision: 0.8106060606060606
Micro Recall: 0.8106060606060606
Micro F1: 0.8106060606060606
Macro Precision: 0.7547874711097977
Macro Recall: 0.7935123381877023
Macro F1: 0.7684960163348744
Accuracy: 0.8106060606060606


Model #4
Micro Precision: 0.8114250614250614
Micro Recall: 0.8114250614250614
Micro F1: 0.8114250614250614
Macro Precision: 0.7438486997635934
Macro Recall: 0.7923323962675766
Macro F1: 0.7602182201175123
Accuracy: 0.8114250614250614


Model #5
Micro Precision: 0.8230958230958231
Micro Recall: 0.8230958230958231
Micro F1: 0.8230958230958231
Macro Precision: 0.7635083564144529
Macro Recall: 0.8047299049560268
Macro F1: 0.7785749502711709
Accuracy: 0.8230958230958231


Model #6
Micro Precision: 0.8222768222768223
Micro Recall: 0.8222768222768223
Micro F1: 0.8222768222768223
Macro Precision: 0.7568619011752329
Macro Recall: 0.802022885739991
Macro F1: 0.7730850137937457
Accuracy: 0.8222768222768223


Model #7
Micro Precision: 0.8163390663390664
Micro Recall: 0.8163390663390664
Micro F1: 0.8163390663390664
Macro Precision: 0.7493017030839928
Macro Recall: 0.7969364732467723
Macro F1: 0.7657885191173849
Accuracy: 0.8163390663390664


Model #8
Micro Precision: 0.8093775593775594
Micro Recall: 0.8093775593775594
Micro F1: 0.8093775593775594
Macro Precision: 0.7534382738340651
Macro Recall: 0.7921550310849941
Macro F1: 0.7670937635017757
Accuracy: 0.8093775593775594


Model #9
Micro Precision: 0.811015561015561
Micro Recall: 0.811015561015561
Micro F1: 0.811015561015561
Macro Precision: 0.7435249590834697
Macro Recall: 0.792376797266221
Macro F1: 0.7599283864308072
Accuracy: 0.811015561015561


Model #10
Micro Precision: 0.8228910728910729
Micro Recall: 0.8228910728910729
Micro F1: 0.8228910728910729
Macro Precision: 0.7632941983857695
Macro Recall: 0.8045945503268985
Macro F1: 0.7783695975208973
Accuracy: 0.8228910728910729


Results: 
Average Micro Precision: 0.8166871416871416
Average Micro Recall: 0.8166871416871416
Average Micro F1: 0.8166871416871416
Average Macro Precision: 0.7535828598926904
Average Macro Recall: 0.7977798851592331
Average Macro F1: 0.7691426262572157
Average Accuracy: 0.8166871416871416
